<?xml version="1.0" encoding="UTF-8"?>
<testng-results skipped="0" failed="1" total="1" passed="0">
  <reporter-output>
  </reporter-output>
  <suite name="Default suite" duration-ms="37373" started-at="2023-09-26T12:46:09Z" finished-at="2023-09-26T12:46:47Z">
    <groups>
    </groups>
    <test name="Default test" duration-ms="37373" started-at="2023-09-26T12:46:09Z" finished-at="2023-09-26T12:46:47Z">
      <class name="org.sample.SampleClass">
        <test-method status="PASS" signature="beforeClass()[pri:0, instance:org.sample.SampleClass@566776ad]" name="beforeClass" is-config="true" duration-ms="19271" started-at="2023-09-26T18:16:09Z" finished-at="2023-09-26T18:16:28Z">
          <reporter-output>
          </reporter-output>
        </test-method> <!-- beforeClass -->
        <test-method status="PASS" signature="beforeMethod()[pri:0, instance:org.sample.SampleClass@566776ad]" name="beforeMethod" is-config="true" duration-ms="3" started-at="2023-09-26T18:16:28Z" finished-at="2023-09-26T18:16:28Z">
          <reporter-output>
          </reporter-output>
        </test-method> <!-- beforeMethod -->
        <test-method status="FAIL" signature="test()[pri:0, instance:org.sample.SampleClass@566776ad]" name="test" duration-ms="18071" started-at="2023-09-26T18:16:28Z" finished-at="2023-09-26T18:16:47Z">
          <exception class="org.openqa.selenium.ElementClickInterceptedException">
            <message>
              <![CDATA[element click intercepted: Element <a href="https://www.amazon.in/gp/cart/view.html?ref_=nav_cart" aria-label="0 items in cart" class="nav-a nav-a-2 nav-progressive-attribute" id="nav-cart">...</a> is not clickable at point (1249, 30). Other element would receive the click: <div id="mir-layout-DELIVERY_BLOCK">...</div>
  (Session info: MicrosoftEdge=117.0.2045.41)
Build info: version: '4.10.0', revision: 'c14d967899'
System info: os.name: 'Windows 11', os.arch: 'amd64', os.version: '10.0', java.version: '1.8.0_381'
Driver info: org.openqa.selenium.edge.EdgeDriver
Command: [4623e516dba125094ea220aa682f7e05, clickElement {id=0DEC7629CE8AE10D1016E1F475B87DF2_element_103}]
Capabilities {acceptInsecureCerts: false, browserName: msedge, browserVersion: 117.0.2045.41, fedcm:accounts: true, ms:edgeOptions: {debuggerAddress: localhost:59932}, msedge: {msedgedriverVersion: 117.0.2045.41 (b895513e9807..., userDataDir: C:\Users\dell\AppData\Local...}, networkConnectionEnabled: false, pageLoadStrategy: normal, platformName: windows, proxy: Proxy(), se:cdp: ws://localhost:59932/devtoo..., se:cdpVersion: 117.0.2045.41, setWindowRect: true, strictFileInteractability: false, timeouts: {implicit: 0, pageLoad: 300000, script: 30000}, unhandledPromptBehavior: dismiss and notify, webauthn:extension:credBlob: true, webauthn:extension:largeBlob: true, webauthn:extension:minPinLength: true, webauthn:extension:prf: true, webauthn:virtualAuthenticators: true}
Element: [[EdgeDriver: msedge on windows (4623e516dba125094ea220aa682f7e05)] -> id: nav-cart]
Session ID: 4623e516dba125094ea220aa682f7e05]]>
            </message>
            <full-stacktrace>
              <![CDATA[org.openqa.selenium.ElementClickInterceptedException: element click intercepted: Element <a href="https://www.amazon.in/gp/cart/view.html?ref_=nav_cart" aria-label="0 items in cart" class="nav-a nav-a-2 nav-progressive-attribute" id="nav-cart">...</a> is not clickable at point (1249, 30). Other element would receive the click: <div id="mir-layout-DELIVERY_BLOCK">...</div>
  (Session info: MicrosoftEdge=117.0.2045.41)
Build info: version: '4.10.0', revision: 'c14d967899'
System info: os.name: 'Windows 11', os.arch: 'amd64', os.version: '10.0', java.version: '1.8.0_381'
Driver info: org.openqa.selenium.edge.EdgeDriver
Command: [4623e516dba125094ea220aa682f7e05, clickElement {id=0DEC7629CE8AE10D1016E1F475B87DF2_element_103}]
Capabilities {acceptInsecureCerts: false, browserName: msedge, browserVersion: 117.0.2045.41, fedcm:accounts: true, ms:edgeOptions: {debuggerAddress: localhost:59932}, msedge: {msedgedriverVersion: 117.0.2045.41 (b895513e9807..., userDataDir: C:\Users\dell\AppData\Local...}, networkConnectionEnabled: false, pageLoadStrategy: normal, platformName: windows, proxy: Proxy(), se:cdp: ws://localhost:59932/devtoo..., se:cdpVersion: 117.0.2045.41, setWindowRect: true, strictFileInteractability: false, timeouts: {implicit: 0, pageLoad: 300000, script: 30000}, unhandledPromptBehavior: dismiss and notify, webauthn:extension:credBlob: true, webauthn:extension:largeBlob: true, webauthn:extension:minPinLength: true, webauthn:extension:prf: true, webauthn:virtualAuthenticators: true}
Element: [[EdgeDriver: msedge on windows (4623e516dba125094ea220aa682f7e05)] -> id: nav-cart]
Session ID: 4623e516dba125094ea220aa682f7e05
	at sun.reflect.NativeConstructorAccessorImpl.newInstance0(Native Method)
	at sun.reflect.NativeConstructorAccessorImpl.newInstance(Unknown Source)
	at sun.reflect.DelegatingConstructorAccessorImpl.newInstance(Unknown Source)
	at java.lang.reflect.Constructor.newInstance(Unknown Source)
	at org.openqa.selenium.remote.codec.w3c.W3CHttpResponseCodec.createException(W3CHttpResponseCodec.java:199)
	at org.openqa.selenium.remote.codec.w3c.W3CHttpResponseCodec.decode(W3CHttpResponseCodec.java:132)
	at org.openqa.selenium.remote.codec.w3c.W3CHttpResponseCodec.decode(W3CHttpResponseCodec.java:51)
	at org.openqa.selenium.remote.HttpCommandExecutor.execute(HttpCommandExecutor.java:191)
	at org.openqa.selenium.remote.service.DriverCommandExecutor.invokeExecute(DriverCommandExecutor.java:196)
	at org.openqa.selenium.remote.service.DriverCommandExecutor.execute(DriverCommandExecutor.java:171)
	at org.openqa.selenium.remote.RemoteWebDriver.execute(RemoteWebDriver.java:531)
	at org.openqa.selenium.remote.RemoteWebElement.execute(RemoteWebElement.java:242)
	at org.openqa.selenium.remote.RemoteWebElement.click(RemoteWebElement.java:77)
	at sun.reflect.NativeMethodAccessorImpl.invoke0(Native Method)
	at sun.reflect.NativeMethodAccessorImpl.invoke(Unknown Source)
	at sun.reflect.DelegatingMethodAccessorImpl.invoke(Unknown Source)
	at java.lang.reflect.Method.invoke(Unknown Source)
	at org.openqa.selenium.support.pagefactory.internal.LocatingElementHandler.invoke(LocatingElementHandler.java:51)
	at com.sun.proxy.$Proxy15.click(Unknown Source)
	at org.sample.BaseClass.click(BaseClass.java:114)
	at org.sample.SampleClass.test(SampleClass.java:50)
	at sun.reflect.NativeMethodAccessorImpl.invoke0(Native Method)
	at sun.reflect.NativeMethodAccessorImpl.invoke(Unknown Source)
	at sun.reflect.DelegatingMethodAccessorImpl.invoke(Unknown Source)
	at java.lang.reflect.Method.invoke(Unknown Source)
	at org.testng.internal.MethodInvocationHelper.invokeMethod(MethodInvocationHelper.java:86)
	at org.testng.internal.Invoker.invokeMethod(Invoker.java:645)
	at org.testng.internal.Invoker.invokeTestMethod(Invoker.java:822)
	at org.testng.internal.Invoker.invokeTestMethods(Invoker.java:1130)
	at org.testng.internal.TestMethodWorker.invokeTestMethods(TestMethodWorker.java:129)
	at org.testng.internal.TestMethodWorker.run(TestMethodWorker.java:112)
	at org.testng.TestRunner.privateRun(TestRunner.java:782)
	at org.testng.TestRunner.run(TestRunner.java:632)
	at org.testng.SuiteRunner.runTest(SuiteRunner.java:366)
	at org.testng.SuiteRunner.runSequentially(SuiteRunner.java:361)
	at org.testng.SuiteRunner.privateRun(SuiteRunner.java:319)
	at org.testng.SuiteRunner.run(SuiteRunner.java:268)
	at org.testng.SuiteRunnerWorker.runSuite(SuiteRunnerWorker.java:52)
	at org.testng.SuiteRunnerWorker.run(SuiteRunnerWorker.java:86)
	at org.testng.TestNG.runSuitesSequentially(TestNG.java:1244)
	at org.testng.TestNG.runSuitesLocally(TestNG.java:1169)
	at org.testng.TestNG.run(TestNG.java:1064)
	at org.testng.remote.RemoteTestNG.run(RemoteTestNG.java:113)
	at org.testng.remote.RemoteTestNG.initAndRun(RemoteTestNG.java:206)
	at org.testng.remote.RemoteTestNG.main(RemoteTestNG.java:177)
]]>
            </full-stacktrace>
          </exception> <!-- org.openqa.selenium.ElementClickInterceptedException -->
          <reporter-output>
          </reporter-output>
        </test-method> <!-- test -->
        <test-method status="PASS" signature="afterMethod()[pri:0, instance:org.sample.SampleClass@566776ad]" name="afterMethod" is-config="true" duration-ms="1" started-at="2023-09-26T18:16:47Z" finished-at="2023-09-26T18:16:47Z">
          <reporter-output>
          </reporter-output>
        </test-method> <!-- afterMethod -->
        <test-method status="PASS" signature="afterClass()[pri:0, instance:org.sample.SampleClass@566776ad]" name="afterClass" is-config="true" duration-ms="1" started-at="2023-09-26T18:16:47Z" finished-at="2023-09-26T18:16:47Z">
          <reporter-output>
          </reporter-output>
        </test-method> <!-- afterClass -->
      </class> <!-- org.sample.SampleClass -->
    </test> <!-- Default test -->
  </suite> <!-- Default suite -->
</testng-results>
